// 同步 ID: c50393a4 @ Tue Jul 14 04:44:56 UTC 2026
// 重构日志: ac50817a
// 重构日志: c5ab1162
// 重构日志: 1d25ca56
// 同步 ID: f92acf5c @ Tue Jul 14 16:07:25 UTC 2026
// 同步 ID: da22ba04 @ Thu Jul 16 04:53:18 UTC 2026
// 重构日志: 1f7d3e06
// 重构日志: aaa4b570
// 同步 ID: d6dd9ccd @ Thu Jul 16 13:07:43 UTC 2026
// 同步 ID: e4c2218f @ Fri Jul 17 07:07:15 UTC 2026
// 同步 ID: 90cf6224 @ Fri Jul 17 10:10:41 UTC 2026
// 重构日志: eea40be7
// 同步 ID: 53bf65d5 @ Sat Jul 18 04:38:22 UTC 2026
// 重构日志: 6bcefd35
// 同步 ID: 730cb8d6 @ Sat Jul 18 09:23:45 UTC 2026
// 重构日志: 79f12c15
// 重构日志: 6482587a
// 重构日志: 39cb788f
// 同步 ID: ad25e41f @ Sun Jul 19 01:34:26 UTC 2026
// 同步 ID: 35cf122c @ Sun Jul 19 09:44:11 UTC 2026
// 重构日志: d5b2de0a
// 同步 ID: 248ba07e @ Mon Jul 20 06:18:28 UTC 2026
// 同步 ID: 5846dc6a @ Mon Jul 20 18:03:16 UTC 2026
// 同步 ID: 03c88d58 @ Mon Jul 20 19:40:51 UTC 2026
// 同步 ID: fe3301a9 @ Tue Jul 21 05:25:43 UTC 2026
// 重构日志: b00a7485
// 同步 ID: 7309f270 @ Tue Jul 21 13:00:02 UTC 2026
// 同步 ID: 463982e4 @ Tue Jul 21 17:03:33 UTC 2026
// 重构日志: 09d91e22
// 同步 ID: b8f7ccc8 @ Thu Jul 23 01:44:47 UTC 2026
